<?xml version="1.0" encoding="UTF-8"?>
<testsuite xmlns:xsi="http://www.w3.org/2001/XMLSchema-instance" xsi:noNamespaceSchemaLocation="https://maven.apache.org/surefire/maven-surefire-plugin/xsd/surefire-test-report.xsd" name="com.zhuhe.hotel.HotelApplicationTests" time="4.005" tests="1" errors="0" skipped="0" failures="0">
  <properties>
    <property name="java.specification.version" value="13"/>
    <property name="sun.cpu.isalist" value="amd64"/>
    <property name="sun.jnu.encoding" value="GBK"/>
    <property name="java.class.path" value="D:\gitCangKu\hotel\target\test-classes;D:\gitCangKu\hotel\target\classes;D:\mavenCangKu\org\springframework\boot\spring-boot-starter-web\2.6.7\spring-boot-starter-web-2.6.7.jar;D:\mavenCangKu\org\springframework\boot\spring-boot-starter\2.6.7\spring-boot-starter-2.6.7.jar;D:\mavenCangKu\org\springframework\boot\spring-boot-starter-logging\2.6.7\spring-boot-starter-logging-2.6.7.jar;D:\mavenCangKu\ch\qos\logback\logback-classic\1.2.11\logback-classic-1.2.11.jar;D:\mavenCangKu\ch\qos\logback\logback-core\1.2.11\logback-core-1.2.11.jar;D:\mavenCangKu\org\apache\logging\log4j\log4j-to-slf4j\2.17.2\log4j-to-slf4j-2.17.2.jar;D:\mavenCangKu\org\apache\logging\log4j\log4j-api\2.17.2\log4j-api-2.17.2.jar;D:\mavenCangKu\org\slf4j\jul-to-slf4j\1.7.36\jul-to-slf4j-1.7.36.jar;D:\mavenCangKu\jakarta\annotation\jakarta.annotation-api\1.3.5\jakarta.annotation-api-1.3.5.jar;D:\mavenCangKu\org\yaml\snakeyaml\1.29\snakeyaml-1.29.jar;D:\mavenCangKu\org\springframework\boot\spring-boot-starter-json\2.6.7\spring-boot-starter-json-2.6.7.jar;D:\mavenCangKu\com\fasterxml\jackson\core\jackson-databind\2.13.2.1\jackson-databind-2.13.2.1.jar;D:\mavenCangKu\com\fasterxml\jackson\core\jackson-annotations\2.13.2\jackson-annotations-2.13.2.jar;D:\mavenCangKu\com\fasterxml\jackson\core\jackson-core\2.13.2\jackson-core-2.13.2.jar;D:\mavenCangKu\com\fasterxml\jackson\datatype\jackson-datatype-jdk8\2.13.2\jackson-datatype-jdk8-2.13.2.jar;D:\mavenCangKu\com\fasterxml\jackson\datatype\jackson-datatype-jsr310\2.13.2\jackson-datatype-jsr310-2.13.2.jar;D:\mavenCangKu\com\fasterxml\jackson\module\jackson-module-parameter-names\2.13.2\jackson-module-parameter-names-2.13.2.jar;D:\mavenCangKu\org\springframework\boot\spring-boot-starter-tomcat\2.6.7\spring-boot-starter-tomcat-2.6.7.jar;D:\mavenCangKu\org\apache\tomcat\embed\tomcat-embed-core\9.0.62\tomcat-embed-core-9.0.62.jar;D:\mavenCangKu\org\apache\tomcat\embed\tomcat-embed-el\9.0.62\tomcat-embed-el-9.0.62.jar;D:\mavenCangKu\org\apache\tomcat\embed\tomcat-embed-websocket\9.0.62\tomcat-embed-websocket-9.0.62.jar;D:\mavenCangKu\org\springframework\spring-web\5.3.19\spring-web-5.3.19.jar;D:\mavenCangKu\org\springframework\spring-beans\5.3.19\spring-beans-5.3.19.jar;D:\mavenCangKu\org\springframework\spring-webmvc\5.3.19\spring-webmvc-5.3.19.jar;D:\mavenCangKu\org\springframework\spring-aop\5.3.19\spring-aop-5.3.19.jar;D:\mavenCangKu\org\springframework\spring-context\5.3.19\spring-context-5.3.19.jar;D:\mavenCangKu\org\springframework\spring-expression\5.3.19\spring-expression-5.3.19.jar;D:\mavenCangKu\org\springframework\boot\spring-boot-devtools\2.6.7\spring-boot-devtools-2.6.7.jar;D:\mavenCangKu\org\springframework\boot\spring-boot\2.6.7\spring-boot-2.6.7.jar;D:\mavenCangKu\org\springframework\boot\spring-boot-autoconfigure\2.6.7\spring-boot-autoconfigure-2.6.7.jar;D:\mavenCangKu\org\projectlombok\lombok\1.18.24\lombok-1.18.24.jar;D:\mavenCangKu\org\springframework\boot\spring-boot-starter-test\2.6.7\spring-boot-starter-test-2.6.7.jar;D:\mavenCangKu\org\springframework\boot\spring-boot-test\2.6.7\spring-boot-test-2.6.7.jar;D:\mavenCangKu\org\springframework\boot\spring-boot-test-autoconfigure\2.6.7\spring-boot-test-autoconfigure-2.6.7.jar;D:\mavenCangKu\com\jayway\jsonpath\json-path\2.6.0\json-path-2.6.0.jar;D:\mavenCangKu\net\minidev\json-smart\2.4.8\json-smart-2.4.8.jar;D:\mavenCangKu\net\minidev\accessors-smart\2.4.8\accessors-smart-2.4.8.jar;D:\mavenCangKu\org\ow2\asm\asm\9.1\asm-9.1.jar;D:\mavenCangKu\org\slf4j\slf4j-api\1.7.36\slf4j-api-1.7.36.jar;D:\mavenCangKu\jakarta\xml\bind\jakarta.xml.bind-api\2.3.3\jakarta.xml.bind-api-2.3.3.jar;D:\mavenCangKu\jakarta\activation\jakarta.activation-api\1.2.2\jakarta.activation-api-1.2.2.jar;D:\mavenCangKu\org\assertj\assertj-core\3.21.0\assertj-core-3.21.0.jar;D:\mavenCangKu\org\hamcrest\hamcrest\2.2\hamcrest-2.2.jar;D:\mavenCangKu\org\junit\jupiter\junit-jupiter\5.8.2\junit-jupiter-5.8.2.jar;D:\mavenCangKu\org\junit\jupiter\junit-jupiter-api\5.8.2\junit-jupiter-api-5.8.2.jar;D:\mavenCangKu\org\opentest4j\opentest4j\1.2.0\opentest4j-1.2.0.jar;D:\mavenCangKu\org\junit\platform\junit-platform-commons\1.8.2\junit-platform-commons-1.8.2.jar;D:\mavenCangKu\org\apiguardian\apiguardian-api\1.1.2\apiguardian-api-1.1.2.jar;D:\mavenCangKu\org\junit\jupiter\junit-jupiter-params\5.8.2\junit-jupiter-params-5.8.2.jar;D:\mavenCangKu\org\junit\jupiter\junit-jupiter-engine\5.8.2\junit-jupiter-engine-5.8.2.jar;D:\mavenCangKu\org\junit\platform\junit-platform-engine\1.8.2\junit-platform-engine-1.8.2.jar;D:\mavenCangKu\org\mockito\mockito-core\4.0.0\mockito-core-4.0.0.jar;D:\mavenCangKu\net\bytebuddy\byte-buddy\1.11.22\byte-buddy-1.11.22.jar;D:\mavenCangKu\net\bytebuddy\byte-buddy-agent\1.11.22\byte-buddy-agent-1.11.22.jar;D:\mavenCangKu\org\objenesis\objenesis\3.2\objenesis-3.2.jar;D:\mavenCangKu\org\mockito\mockito-junit-jupiter\4.0.0\mockito-junit-jupiter-4.0.0.jar;D:\mavenCangKu\org\skyscreamer\jsonassert\1.5.0\jsonassert-1.5.0.jar;D:\mavenCangKu\com\vaadin\external\google\android-json\0.0.20131108.vaadin1\android-json-0.0.20131108.vaadin1.jar;D:\mavenCangKu\org\springframework\spring-core\5.3.19\spring-core-5.3.19.jar;D:\mavenCangKu\org\springframework\spring-jcl\5.3.19\spring-jcl-5.3.19.jar;D:\mavenCangKu\org\springframework\spring-test\5.3.19\spring-test-5.3.19.jar;D:\mavenCangKu\org\xmlunit\xmlunit-core\2.8.4\xmlunit-core-2.8.4.jar;D:\mavenCangKu\mysql\mysql-connector-java\8.0.28\mysql-connector-java-8.0.28.jar;D:\mavenCangKu\com\baomidou\mybatis-plus-boot-starter\3.4.0\mybatis-plus-boot-starter-3.4.0.jar;D:\mavenCangKu\com\baomidou\mybatis-plus\3.4.0\mybatis-plus-3.4.0.jar;D:\mavenCangKu\com\baomidou\mybatis-plus-extension\3.4.0\mybatis-plus-extension-3.4.0.jar;D:\mavenCangKu\com\baomidou\mybatis-plus-core\3.4.0\mybatis-plus-core-3.4.0.jar;D:\mavenCangKu\com\baomidou\mybatis-plus-annotation\3.4.0\mybatis-plus-annotation-3.4.0.jar;D:\mavenCangKu\com\github\jsqlparser\jsqlparser\3.2\jsqlparser-3.2.jar;D:\mavenCangKu\org\mybatis\mybatis\3.5.5\mybatis-3.5.5.jar;D:\mavenCangKu\org\mybatis\mybatis-spring\2.0.5\mybatis-spring-2.0.5.jar;D:\mavenCangKu\org\springframework\boot\spring-boot-starter-jdbc\2.6.7\spring-boot-starter-jdbc-2.6.7.jar;D:\mavenCangKu\com\zaxxer\HikariCP\4.0.3\HikariCP-4.0.3.jar;D:\mavenCangKu\org\springframework\spring-jdbc\5.3.19\spring-jdbc-5.3.19.jar;D:\mavenCangKu\org\springframework\spring-tx\5.3.19\spring-tx-5.3.19.jar;D:\mavenCangKu\com\alibaba\fastjson\1.2.58\fastjson-1.2.58.jar;"/>
    <property name="java.vm.vendor" value="Oracle Corporation"/>
    <property name="sun.arch.data.model" value="64"/>
    <property name="user.variant" value=""/>
    <property name="java.vendor.url" value="https://java.oracle.com/"/>
    <property name="user.timezone" value="Asia/Shanghai"/>
    <property name="os.name" value="Windows 10"/>
    <property name="java.vm.specification.version" value="13"/>
    <property name="sun.java.launcher" value="SUN_STANDARD"/>
    <property name="user.country" value="CN"/>
    <property name="sun.boot.library.path" value="C:\Program Files\Java\jdk-13.0.1\bin"/>
    <property name="sun.java.command" value="C:\Users\86130\AppData\Local\Temp\surefire12454026872774585533\surefirebooter11423323773547620532.jar C:\Users\86130\AppData\Local\Temp\surefire12454026872774585533 2022-05-25T23-58-08_041-jvmRun1 surefire17971629803473252022tmp surefire_012735995463121611102tmp"/>
    <property name="jdk.debug" value="release"/>
    <property name="surefire.test.class.path" value="D:\gitCangKu\hotel\target\test-classes;D:\gitCangKu\hotel\target\classes;D:\mavenCangKu\org\springframework\boot\spring-boot-starter-web\2.6.7\spring-boot-starter-web-2.6.7.jar;D:\mavenCangKu\org\springframework\boot\spring-boot-starter\2.6.7\spring-boot-starter-2.6.7.jar;D:\mavenCangKu\org\springframework\boot\spring-boot-starter-logging\2.6.7\spring-boot-starter-logging-2.6.7.jar;D:\mavenCangKu\ch\qos\logback\logback-classic\1.2.11\logback-classic-1.2.11.jar;D:\mavenCangKu\ch\qos\logback\logback-core\1.2.11\logback-core-1.2.11.jar;D:\mavenCangKu\org\apache\logging\log4j\log4j-to-slf4j\2.17.2\log4j-to-slf4j-2.17.2.jar;D:\mavenCangKu\org\apache\logging\log4j\log4j-api\2.17.2\log4j-api-2.17.2.jar;D:\mavenCangKu\org\slf4j\jul-to-slf4j\1.7.36\jul-to-slf4j-1.7.36.jar;D:\mavenCangKu\jakarta\annotation\jakarta.annotation-api\1.3.5\jakarta.annotation-api-1.3.5.jar;D:\mavenCangKu\org\yaml\snakeyaml\1.29\snakeyaml-1.29.jar;D:\mavenCangKu\org\springframework\boot\spring-boot-starter-json\2.6.7\spring-boot-starter-json-2.6.7.jar;D:\mavenCangKu\com\fasterxml\jackson\core\jackson-databind\2.13.2.1\jackson-databind-2.13.2.1.jar;D:\mavenCangKu\com\fasterxml\jackson\core\jackson-annotations\2.13.2\jackson-annotations-2.13.2.jar;D:\mavenCangKu\com\fasterxml\jackson\core\jackson-core\2.13.2\jackson-core-2.13.2.jar;D:\mavenCangKu\com\fasterxml\jackson\datatype\jackson-datatype-jdk8\2.13.2\jackson-datatype-jdk8-2.13.2.jar;D:\mavenCangKu\com\fasterxml\jackson\datatype\jackson-datatype-jsr310\2.13.2\jackson-datatype-jsr310-2.13.2.jar;D:\mavenCangKu\com\fasterxml\jackson\module\jackson-module-parameter-names\2.13.2\jackson-module-parameter-names-2.13.2.jar;D:\mavenCangKu\org\springframework\boot\spring-boot-starter-tomcat\2.6.7\spring-boot-starter-tomcat-2.6.7.jar;D:\mavenCangKu\org\apache\tomcat\embed\tomcat-embed-core\9.0.62\tomcat-embed-core-9.0.62.jar;D:\mavenCangKu\org\apache\tomcat\embed\tomcat-embed-el\9.0.62\tomcat-embed-el-9.0.62.jar;D:\mavenCangKu\org\apache\tomcat\embed\tomcat-embed-websocket\9.0.62\tomcat-embed-websocket-9.0.62.jar;D:\mavenCangKu\org\springframework\spring-web\5.3.19\spring-web-5.3.19.jar;D:\mavenCangKu\org\springframework\spring-beans\5.3.19\spring-beans-5.3.19.jar;D:\mavenCangKu\org\springframework\spring-webmvc\5.3.19\spring-webmvc-5.3.19.jar;D:\mavenCangKu\org\springframework\spring-aop\5.3.19\spring-aop-5.3.19.jar;D:\mavenCangKu\org\springframework\spring-context\5.3.19\spring-context-5.3.19.jar;D:\mavenCangKu\org\springframework\spring-expression\5.3.19\spring-expression-5.3.19.jar;D:\mavenCangKu\org\springframework\boot\spring-boot-devtools\2.6.7\spring-boot-devtools-2.6.7.jar;D:\mavenCangKu\org\springframework\boot\spring-boot\2.6.7\spring-boot-2.6.7.jar;D:\mavenCangKu\org\springframework\boot\spring-boot-autoconfigure\2.6.7\spring-boot-autoconfigure-2.6.7.jar;D:\mavenCangKu\org\projectlombok\lombok\1.18.24\lombok-1.18.24.jar;D:\mavenCangKu\org\springframework\boot\spring-boot-starter-test\2.6.7\spring-boot-starter-test-2.6.7.jar;D:\mavenCangKu\org\springframework\boot\spring-boot-test\2.6.7\spring-boot-test-2.6.7.jar;D:\mavenCangKu\org\springframework\boot\spring-boot-test-autoconfigure\2.6.7\spring-boot-test-autoconfigure-2.6.7.jar;D:\mavenCangKu\com\jayway\jsonpath\json-path\2.6.0\json-path-2.6.0.jar;D:\mavenCangKu\net\minidev\json-smart\2.4.8\json-smart-2.4.8.jar;D:\mavenCangKu\net\minidev\accessors-smart\2.4.8\accessors-smart-2.4.8.jar;D:\mavenCangKu\org\ow2\asm\asm\9.1\asm-9.1.jar;D:\mavenCangKu\org\slf4j\slf4j-api\1.7.36\slf4j-api-1.7.36.jar;D:\mavenCangKu\jakarta\xml\bind\jakarta.xml.bind-api\2.3.3\jakarta.xml.bind-api-2.3.3.jar;D:\mavenCangKu\jakarta\activation\jakarta.activation-api\1.2.2\jakarta.activation-api-1.2.2.jar;D:\mavenCangKu\org\assertj\assertj-core\3.21.0\assertj-core-3.21.0.jar;D:\mavenCangKu\org\hamcrest\hamcrest\2.2\hamcrest-2.2.jar;D:\mavenCangKu\org\junit\jupiter\junit-jupiter\5.8.2\junit-jupiter-5.8.2.jar;D:\mavenCangKu\org\junit\jupiter\junit-jupiter-api\5.8.2\junit-jupiter-api-5.8.2.jar;D:\mavenCangKu\org\opentest4j\opentest4j\1.2.0\opentest4j-1.2.0.jar;D:\mavenCangKu\org\junit\platform\junit-platform-commons\1.8.2\junit-platform-commons-1.8.2.jar;D:\mavenCangKu\org\apiguardian\apiguardian-api\1.1.2\apiguardian-api-1.1.2.jar;D:\mavenCangKu\org\junit\jupiter\junit-jupiter-params\5.8.2\junit-jupiter-params-5.8.2.jar;D:\mavenCangKu\org\junit\jupiter\junit-jupiter-engine\5.8.2\junit-jupiter-engine-5.8.2.jar;D:\mavenCangKu\org\junit\platform\junit-platform-engine\1.8.2\junit-platform-engine-1.8.2.jar;D:\mavenCangKu\org\mockito\mockito-core\4.0.0\mockito-core-4.0.0.jar;D:\mavenCangKu\net\bytebuddy\byte-buddy\1.11.22\byte-buddy-1.11.22.jar;D:\mavenCangKu\net\bytebuddy\byte-buddy-agent\1.11.22\byte-buddy-agent-1.11.22.jar;D:\mavenCangKu\org\objenesis\objenesis\3.2\objenesis-3.2.jar;D:\mavenCangKu\org\mockito\mockito-junit-jupiter\4.0.0\mockito-junit-jupiter-4.0.0.jar;D:\mavenCangKu\org\skyscreamer\jsonassert\1.5.0\jsonassert-1.5.0.jar;D:\mavenCangKu\com\vaadin\external\google\android-json\0.0.20131108.vaadin1\android-json-0.0.20131108.vaadin1.jar;D:\mavenCangKu\org\springframework\spring-core\5.3.19\spring-core-5.3.19.jar;D:\mavenCangKu\org\springframework\spring-jcl\5.3.19\spring-jcl-5.3.19.jar;D:\mavenCangKu\org\springframework\spring-test\5.3.19\spring-test-5.3.19.jar;D:\mavenCangKu\org\xmlunit\xmlunit-core\2.8.4\xmlunit-core-2.8.4.jar;D:\mavenCangKu\mysql\mysql-connector-java\8.0.28\mysql-connector-java-8.0.28.jar;D:\mavenCangKu\com\baomidou\mybatis-plus-boot-starter\3.4.0\mybatis-plus-boot-starter-3.4.0.jar;D:\mavenCangKu\com\baomidou\mybatis-plus\3.4.0\mybatis-plus-3.4.0.jar;D:\mavenCangKu\com\baomidou\mybatis-plus-extension\3.4.0\mybatis-plus-extension-3.4.0.jar;D:\mavenCangKu\com\baomidou\mybatis-plus-core\3.4.0\mybatis-plus-core-3.4.0.jar;D:\mavenCangKu\com\baomidou\mybatis-plus-annotation\3.4.0\mybatis-plus-annotation-3.4.0.jar;D:\mavenCangKu\com\github\jsqlparser\jsqlparser\3.2\jsqlparser-3.2.jar;D:\mavenCangKu\org\mybatis\mybatis\3.5.5\mybatis-3.5.5.jar;D:\mavenCangKu\org\mybatis\mybatis-spring\2.0.5\mybatis-spring-2.0.5.jar;D:\mavenCangKu\org\springframework\boot\spring-boot-starter-jdbc\2.6.7\spring-boot-starter-jdbc-2.6.7.jar;D:\mavenCangKu\com\zaxxer\HikariCP\4.0.3\HikariCP-4.0.3.jar;D:\mavenCangKu\org\springframework\spring-jdbc\5.3.19\spring-jdbc-5.3.19.jar;D:\mavenCangKu\org\springframework\spring-tx\5.3.19\spring-tx-5.3.19.jar;D:\mavenCangKu\com\alibaba\fastjson\1.2.58\fastjson-1.2.58.jar;"/>
    <property name="sun.cpu.endian" value="little"/>
    <property name="user.home" value="C:\Users\86130"/>
    <property name="user.language" value="zh"/>
    <property name="java.specification.vendor" value="Oracle Corporation"/>
    <property name="java.version.date" value="2019-10-15"/>
    <property name="java.home" value="C:\Program Files\Java\jdk-13.0.1"/>
    <property name="file.separator" value="\"/>
    <property name="basedir" value="D:\gitCangKu\hotel"/>
    <property name="java.vm.compressedOopsMode" value="Zero based"/>
    <property name="line.separator" value="&#10;"/>
    <property name="java.vm.specification.vendor" value="Oracle Corporation"/>
    <property name="java.specification.name" value="Java Platform API Specification"/>
    <property name="surefire.real.class.path" value="C:\Users\86130\AppData\Local\Temp\surefire12454026872774585533\surefirebooter11423323773547620532.jar"/>
    <property name="user.script" value=""/>
    <property name="sun.management.compiler" value="HotSpot 64-Bit Tiered Compilers"/>
    <property name="java.runtime.version" value="13.0.1+9"/>
    <property name="user.name" value="86130"/>
    <property name="path.separator" value=";"/>
    <property name="os.version" value="10.0"/>
    <property name="java.runtime.name" value="Java(TM) SE Runtime Environment"/>
    <property name="file.encoding" value="GBK"/>
    <property name="java.vm.name" value="Java HotSpot(TM) 64-Bit Server VM"/>
    <property name="localRepository" value="D:\mavenCangKu"/>
    <property name="java.vendor.url.bug" value="https://bugreport.java.com/bugreport/"/>
    <property name="java.io.tmpdir" value="C:\Users\86130\AppData\Local\Temp\"/>
    <property name="idea.version" value="2020.3.2"/>
    <property name="java.version" value="13.0.1"/>
    <property name="user.dir" value="D:\gitCangKu\hotel"/>
    <property name="os.arch" value="amd64"/>
    <property name="java.vm.specification.name" value="Java Virtual Machine Specification"/>
    <property name="sun.os.patch.level" value=""/>
    <property name="java.library.path" value="C:\Program Files\Java\jdk-13.0.1\bin;C:\WINDOWS\Sun\Java\bin;C:\WINDOWS\system32;C:\WINDOWS;D:\VMware\bin\;D:\app\86130\product\12.2.0\dbhome_1\bin;C:\Program Files\Java\jdk-13.0.1\bin;C:\Windows\system32;C:\Windows;C:\Windows\System32\Wbem;C:\Windows\System32\WindowsPowerShell\v1.0\;C:\Windows\System32\OpenSSH\;C:\Program Files (x86)\NVIDIA Corporation\PhysX\Common;C:\Program Files\NVIDIA Corporation\NVIDIA NvDLISR;D:\tomcat\apache-tomcat-9.0.33\lib;D:\tomcat\apache-tomcat-9.0.33\lib\servletapi.jar;D:\tomcat\apache-tomcat-9.0.33lib\jsp-api.jar;C:\Program Files\MySQL\MySQL Server 8.0\bin;D:\Maven\apache-maven-3.6.3\bin;%System;oot%\system32;C:\WINDOWS;C:\WINDOWS\System32\Wbem;C:\WINDOWS\System32\WindowsPowerShell\v1.0\;C:\WINDOWS\System32\OpenSSH\;\redis\;D:\Git\cmd;D:\TortoiseGit\bin;D:\python\python.3.9\Scripts\;D:\python\python.3.9\;C:\Users\86130\AppData\Local\Microsoft\WindowsApps;;D:\朱贺下载的应用程序\Microsoft VS Code\bin;."/>
    <property name="java.vm.info" value="mixed mode, sharing"/>
    <property name="java.vendor" value="Oracle Corporation"/>
    <property name="java.vm.version" value="13.0.1+9"/>
    <property name="sun.io.unicode.encoding" value="UnicodeLittle"/>
    <property name="java.class.version" value="57.0"/>
  </properties>
  <testcase name="contextLoads" classname="com.zhuhe.hotel.HotelApplicationTests" time="0.441"/>
</testsuite>